<?xml version="1.0" encoding="UTF-8"?>
<testsuite xmlns:xsi="http://www.w3.org/2001/XMLSchema-instance" xsi:noNamespaceSchemaLocation="https://maven.apache.org/surefire/maven-surefire-plugin/xsd/surefire-test-report-3.0.xsd" version="3.0" name="com.mycompany.part1.MessageTest" time="0.092" tests="15" errors="0" skipped="0" failures="0">
  <properties>
[...]
</properties>
  <testcase name="testSentMessage_StoreOption" classname="com.mycompany.part1.MessageTest" time="0.034">
    <system-out><![CDATA[
--- Message Options ---
1. Send Message
2. Disregard Message
3. Store Message to send later
Choose an option: Message stored to file.
]]></system-out>
  </testcase>
  <testcase name="testSentMessage_InvalidOption" classname="com.mycompany.part1.MessageTest" time="0.003">
    <system-out><![CDATA[
--- Message Options ---
1. Send Message
2. Disregard Message
3. Store Message to send later
Choose an option: ]]></system-out>
  </testcase>
  <testcase name="testTotalMessagesCounter" classname="com.mycompany.part1.MessageTest" time="0.006">
    <system-out><![CDATA[
--- Message Options ---
1. Send Message
2. Disregard Message
3. Store Message to send later
Choose an option: 
--- Message Options ---
1. Send Message
2. Disregard Message
3. Store Message to send later
Choose an option: ]]></system-out>
  </testcase>
  <testcase name="testCheckRecipientCell_Null" classname="com.mycompany.part1.MessageTest" time="0.002"/>
  <testcase name="testMessageHash_TestCase1" classname="com.mycompany.part1.MessageTest" time="0.002"/>
  <testcase name="testCreateMessageHash_Format" classname="com.mycompany.part1.MessageTest" time="0.002"/>
  <testcase name="testMessageLength_Success" classname="com.mycompany.part1.MessageTest" time="0.001"/>
  <testcase name="testRecipientNumber_Success" classname="com.mycompany.part1.MessageTest" time="0.002"/>
  <testcase name="testSentMessage_DisregardOption" classname="com.mycompany.part1.MessageTest" time="0.002">
    <system-out><![CDATA[
--- Message Options ---
1. Send Message
2. Disregard Message
3. Store Message to send later
Choose an option: ]]></system-out>
  </testcase>
  <testcase name="testSentMessage_SendOption" classname="com.mycompany.part1.MessageTest" time="0.001">
    <system-out><![CDATA[
--- Message Options ---
1. Send Message
2. Disregard Message
3. Store Message to send later
Choose an option: ]]></system-out>
  </testcase>
  <testcase name="testMessageID_Creation" classname="com.mycompany.part1.MessageTest" time="0.001"/>
  <testcase name="testMessageLength_Failure" classname="com.mycompany.part1.MessageTest" time="0.003"/>
  <testcase name="testRecipientNumber_Failure" classname="com.mycompany.part1.MessageTest" time="0.001"/>
  <testcase name="testMessageID_Invalid" classname="com.mycompany.part1.MessageTest" time="0.001"/>
  <testcase name="testGetMessageText" classname="com.mycompany.part1.MessageTest" time="0.001"/>
</testsuite>